#
# There is insufficient memory for the Java Runtime Environment to continue.
# Native memory allocation (mmap) failed to map 3334995968 bytes for committing reserved memory.
# Possible reasons:
#   The system is out of physical RAM or swap space
#   The process is running with CompressedOops enabled, and the Java Heap may be blocking the growth of the native heap
# Possible solutions:
#   Reduce memory load on the system
#   Increase physical memory or swap space
#   Check if swap backing store is full
#   Decrease Java heap size (-Xmx/-Xms)
#   Decrease number of Java threads
#   Decrease Java thread stack sizes (-Xss)
#   Set larger code cache with -XX:ReservedCodeCacheSize=
#   JVM is running with Zero Based Compressed Oops mode in which the Java heap is
#     placed in the first 32GB address space. The Java Heap base address is the
#     maximum limit for the native heap growth. Please use -XX:HeapBaseMinAddress
#     to set the Java Heap base and to place the Java Heap above 32GB virtual address.
# This output file may be truncated or incomplete.
#
#  Out of Memory Error (os_linux.cpp:2757), pid=3306, tid=0x00007f9b31492700
#
# JRE version: OpenJDK Runtime Environment (8.0_232-b09) (build 1.8.0_232-8u232-b09-0ubuntu1~18.04.1-b09)
# Java VM: OpenJDK 64-Bit Server VM (25.232-b09 mixed mode linux-amd64 compressed oops)
# Failed to write core dump. Core dumps have been disabled. To enable core dumping, try "ulimit -c unlimited" before starting Java again
#

---------------  T H R E A D  ---------------

Current thread (0x00007f9b481cb800):  VMThread [stack: 0x00007f9b31393000,0x00007f9b31493000] [id=3319]

Stack: [0x00007f9b31393000,0x00007f9b31493000],  sp=0x00007f9b31491460,  free space=1017k
Native frames: (J=compiled Java code, j=interpreted, Vv=VM code, C=native code)
V  [libjvm.so+0xaba672]
V  [libjvm.so+0x4dde07]
V  [libjvm.so+0x8f53f0]
V  [libjvm.so+0x8ec4be]
V  [libjvm.so+0x96fe06]
V  [libjvm.so+0x95ea8a]
V  [libjvm.so+0x95ec58]
V  [libjvm.so+0x95f860]
V  [libjvm.so+0x965c1c]
V  [libjvm.so+0x96dcd5]
V  [libjvm.so+0x91c608]
V  [libjvm.so+0xabc342]
V  [libjvm.so+0xac0eb6]
V  [libjvm.so+0xabf1b5]
V  [libjvm.so+0xabfa8d]
V  [libjvm.so+0xabfe98]
V  [libjvm.so+0x8f2782]

VM_Operation (0x00007f9b50f344f0): ParallelGCFailedAllocation, mode: safepoint, requested by thread 0x00007f9b4800e800


---------------  P R O C E S S  ---------------

Java Threads: ( => current thread )
  0x00007f9ab8001000 JavaThread "Attach Listener" daemon [_thread_blocked, id=3342, stack(0x00007f9b28038000,0x00007f9b28139000)]
  0x00007f9b482a4800 JavaThread "Service Thread" daemon [_thread_blocked, id=3335, stack(0x00007f9b283fc000,0x00007f9b284fd000)]
  0x00007f9b482a0000 JavaThread "C1 CompilerThread3" daemon [_thread_blocked, id=3334, stack(0x00007f9b284fe000,0x00007f9b285fe000)]
  0x00007f9b4829e800 JavaThread "C2 CompilerThread2" daemon [_thread_blocked, id=3333, stack(0x00007f9b285ff000,0x00007f9b286ff000)]
  0x00007f9b48299800 JavaThread "C2 CompilerThread1" daemon [_thread_blocked, id=3332, stack(0x00007f9b28700000,0x00007f9b28800000)]
  0x00007f9b48298000 JavaThread "C2 CompilerThread0" daemon [_thread_blocked, id=3331, stack(0x00007f9b30094000,0x00007f9b30194000)]
  0x00007f9b4829c000 JavaThread "Monitor Ctrl-Break" daemon [_thread_in_native, id=3330, stack(0x00007f9b30194000,0x00007f9b30295000)]
  0x00007f9b4820a000 JavaThread "Signal Dispatcher" daemon [_thread_blocked, id=3327, stack(0x00007f9b306c0000,0x00007f9b307c1000)]
  0x00007f9b481d7800 JavaThread "Finalizer" daemon [_thread_blocked, id=3321, stack(0x00007f9b31190000,0x00007f9b31291000)]
  0x00007f9b481d5000 JavaThread "Reference Handler" daemon [_thread_blocked, id=3320, stack(0x00007f9b31291000,0x00007f9b31392000)]
  0x00007f9b4800e800 JavaThread "main" [_thread_blocked, id=3307, stack(0x00007f9b50e37000,0x00007f9b50f37000)]

Other Threads:
=>0x00007f9b481cb800 VMThread [stack: 0x00007f9b31393000,0x00007f9b31493000] [id=3319]
  0x00007f9b482a7000 WatcherThread [stack: 0x00007f9b282fc000,0x00007f9b283fc000] [id=3336]

VM state:at safepoint (normal execution)

VM Mutex/Monitor currently owned by a thread:  ([mutex/lock_event])
[0x00007f9b48006d00] ExpandHeap_lock - owner thread: 0x00007f9b481cb800
[0x00007f9b4800b000] Threads_lock - owner thread: 0x00007f9b481cb800
[0x00007f9b4800b500] Heap_lock - owner thread: 0x00007f9b4800e800

heap address: 0x00000000c0000000, size: 28672 MB, Compressed Oops mode: Zero based, Oop shift amount: 3
Narrow klass base: 0x0000000000000000, Narrow klass shift: 3
Compressed class space size: 1073741824 Address: 0x00000007c0000000

Heap:
 PSYoungGen      total 6524416K, used 1114212K [0x000000056ab00000, 0x00000007c0000000, 0x00000007c0000000)
  eden space 3262464K, 0% used [0x000000056ab00000,0x000000056ab00000,0x0000000631d00000)
  from space 3261952K, 34% used [0x0000000631d00000,0x0000000675d19120,0x00000006f8e80000)
  to   space 3261952K, 0% used [0x00000006f8e80000,0x00000006f8e80000,0x00000007c0000000)
 ParOldGen       total 16316928K, used 16316614K [0x00000000c0000000, 0x00000004a3e80000, 0x000000056ab00000)
  object space 16316928K, 99% used [0x00000000c0000000,0x00000004a3e31ac0,0x00000004a3e80000)
 Metaspace       used 13068K, capacity 13404K, committed 13568K, reserved 1060864K
  class space    used 1353K, capacity 1478K, committed 1536K, reserved 1048576K

Card table byte_map: [0x00007f9b357ff000,0x00007f9b39000000] byte_map_base: 0x00007f9b351ff000

Marking Bits: (ParMarkBitMap*) 0x00007f9b500cd380
 Begin Bits: [0x00007f9ac4000000, 0x00007f9ae0000000)
 End Bits:   [0x00007f9ae0000000, 0x00007f9afc000000)

Polling page: 0x00007f9b50f4e000

CodeCache: size=245760Kb used=10976Kb max_used=12160Kb free=234783Kb
 bounds [0x00007f9b39000000, 0x00007f9b39c90000, 0x00007f9b48000000]
 total_blobs=3198 nmethods=2834 adapters=278
 compilation: enabled

Compilation events (10 events):
Event: 6837,635 Thread 0x00007f9b4829e800 nmethod 3921 0x00007f9b393b5290 code [0x00007f9b393b53e0, 0x00007f9b393b5558]
Event: 6837,636 Thread 0x00007f9b482a0000 nmethod 3920 0x00007f9b39a0b250 code [0x00007f9b39a0b980, 0x00007f9b39a100c8]
Event: 6838,593 Thread 0x00007f9b482a0000 3922       3       org.apache.http.impl.conn.PoolingHttpClientConnectionManager$InternalConnectionFactory::create (72 bytes)
Event: 6838,593 Thread 0x00007f9b482a0000 nmethod 3922 0x00007f9b39aef510 code [0x00007f9b39aef700, 0x00007f9b39af00c8]
Event: 6838,600 Thread 0x00007f9b482a0000 3923       3       org.apache.http.impl.conn.ManagedHttpClientConnectionFactory::create (196 bytes)
Event: 6838,600 Thread 0x00007f9b482a0000 nmethod 3923 0x00007f9b39af1010 code [0x00007f9b39af1300, 0x00007f9b39af2c48]
Event: 6838,600 Thread 0x00007f9b482a0000 3924       3       org.apache.http.pool.AbstractConnPool$1::createEntry (13 bytes)
Event: 6838,601 Thread 0x00007f9b482a0000 nmethod 3924 0x00007f9b39703650 code [0x00007f9b397037c0, 0x00007f9b397039e8]
Event: 6966,753 Thread 0x00007f9b48298000 3925       4       java.lang.Long::getChars (221 bytes)
Event: 6966,759 Thread 0x00007f9b48298000 nmethod 3925 0x00007f9b3952f010 code [0x00007f9b3952f180, 0x00007f9b3952f898]

GC Heap History (10 events):
Event: 5572,902 GC heap after
Heap after GC invocations=41 (full 8):
 PSYoungGen      total 6524416K, used 845408K [0x000000056ab00000, 0x00000007c0000000, 0x00000007c0000000)
  eden space 3262464K, 0% used [0x000000056ab00000,0x000000056ab00000,0x0000000631d00000)
  from space 3261952K, 25% used [0x0000000631d00000,0x0000000665698000,0x00000006f8e80000)
  to   space 3261952K, 0% used [0x00000006f8e80000,0x00000006f8e80000,0x00000007c0000000)
 ParOldGen       total 16316928K, used 13290077K [0x00000000c0000000, 0x00000004a3e80000, 0x000000056ab00000)
  object space 16316928K, 81% used [0x00000000c0000000,0x00000003eb297430,0x00000004a3e80000)
 Metaspace       used 13068K, capacity 13404K, committed 13568K, reserved 1060864K
  class space    used 1353K, capacity 1478K, committed 1536K, reserved 1048576K
}
Event: 6007,413 GC heap before
{Heap before GC invocations=42 (full 8):
 PSYoungGen      total 6524416K, used 4107872K [0x000000056ab00000, 0x00000007c0000000, 0x00000007c0000000)
  eden space 3262464K, 100% used [0x000000056ab00000,0x0000000631d00000,0x0000000631d00000)
  from space 3261952K, 25% used [0x0000000631d00000,0x0000000665698000,0x00000006f8e80000)
  to   space 3261952K, 0% used [0x00000006f8e80000,0x00000006f8e80000,0x00000007c0000000)
 ParOldGen       total 16316928K, used 13290077K [0x00000000c0000000, 0x00000004a3e80000, 0x000000056ab00000)
  object space 16316928K, 81% used [0x00000000c0000000,0x00000003eb297430,0x00000004a3e80000)
 Metaspace       used 13068K, capacity 13404K, committed 13568K, reserved 1060864K
  class space    used 1353K, capacity 1478K, committed 1536K, reserved 1048576K
Event: 6007,946 GC heap after
Heap after GC invocations=42 (full 8):
 PSYoungGen      total 6466048K, used 831680K [0x000000056ab00000, 0x00000007bc700000, 0x00000007c0000000)
  eden space 3262464K, 0% used [0x000000056ab00000,0x000000056ab00000,0x0000000631d00000)
  from space 3203584K, 25% used [0x00000006f8e80000,0x000000072bab0000,0x00000007bc700000)
  to   space 3232768K, 0% used [0x0000000631d00000,0x0000000631d00000,0x00000006f7200000)
 ParOldGen       total 16316928K, used 14120125K [0x00000000c0000000, 0x00000004a3e80000, 0x000000056ab00000)
  object space 16316928K, 86% used [0x00000000c0000000,0x000000041dd2f430,0x00000004a3e80000)
 Metaspace       used 13068K, capacity 13404K, committed 13568K, reserved 1060864K
  class space    used 1353K, capacity 1478K, committed 1536K, reserved 1048576K
}
Event: 6316,383 GC heap before
{Heap before GC invocations=43 (full 8):
 PSYoungGen      total 6466048K, used 4094144K [0x000000056ab00000, 0x00000007bc700000, 0x00000007c0000000)
  eden space 3262464K, 100% used [0x000000056ab00000,0x0000000631d00000,0x0000000631d00000)
  from space 3203584K, 25% used [0x00000006f8e80000,0x000000072bab0000,0x00000007bc700000)
  to   space 3232768K, 0% used [0x0000000631d00000,0x0000000631d00000,0x00000006f7200000)
 ParOldGen       total 16316928K, used 14120125K [0x00000000c0000000, 0x00000004a3e80000, 0x000000056ab00000)
  object space 16316928K, 86% used [0x00000000c0000000,0x000000041dd2f430,0x00000004a3e80000)
 Metaspace       used 13068K, capacity 13404K, committed 13568K, reserved 1060864K
  class space    used 1353K, capacity 1478K, committed 1536K, reserved 1048576K
Event: 6316,816 GC heap after
Heap after GC invocations=43 (full 8):
 PSYoungGen      total 6495232K, used 1674208K [0x000000056ab00000, 0x00000007bd480000, 0x00000007c0000000)
  eden space 3262464K, 0% used [0x000000056ab00000,0x000000056ab00000,0x0000000631d00000)
  from space 3232768K, 51% used [0x0000000631d00000,0x0000000697ff8000,0x00000006f7200000)
  to   space 3195904K, 0% used [0x00000006fa380000,0x00000006fa380000,0x00000007bd480000)
 ParOldGen       total 16316928K, used 14120125K [0x00000000c0000000, 0x00000004a3e80000, 0x000000056ab00000)
  object space 16316928K, 86% used [0x00000000c0000000,0x000000041dd2f430,0x00000004a3e80000)
 Metaspace       used 13068K, capacity 13404K, committed 13568K, reserved 1060864K
  class space    used 1353K, capacity 1478K, committed 1536K, reserved 1048576K
}
Event: 6698,569 GC heap before
{Heap before GC invocations=44 (full 8):
 PSYoungGen      total 6495232K, used 4936672K [0x000000056ab00000, 0x00000007bd480000, 0x00000007c0000000)
  eden space 3262464K, 100% used [0x000000056ab00000,0x0000000631d00000,0x0000000631d00000)
  from space 3232768K, 51% used [0x0000000631d00000,0x0000000697ff8000,0x00000006f7200000)
  to   space 3195904K, 0% used [0x00000006fa380000,0x00000006fa380000,0x00000007bd480000)
 ParOldGen       total 16316928K, used 14120125K [0x00000000c0000000, 0x00000004a3e80000, 0x000000056ab00000)
  object space 16316928K, 86% used [0x00000000c0000000,0x000000041dd2f430,0x00000004a3e80000)
 Metaspace       used 13068K, capacity 13404K, committed 13568K, reserved 1060864K
  class space    used 1353K, capacity 1478K, committed 1536K, reserved 1048576K
Event: 6699,197 GC heap after
Heap after GC invocations=44 (full 8):
 PSYoungGen      total 6458368K, used 2504256K [0x000000056ab00000, 0x00000007c0000000, 0x00000007c0000000)
  eden space 3262464K, 0% used [0x000000056ab00000,0x000000056ab00000,0x0000000631d00000)
  from space 3195904K, 78% used [0x00000006fa380000,0x0000000793110000,0x00000007bd480000)
  to   space 3261952K, 0% used [0x0000000631d00000,0x0000000631d00000,0x00000006f8e80000)
 ParOldGen       total 16316928K, used 14120125K [0x00000000c0000000, 0x00000004a3e80000, 0x000000056ab00000)
  object space 16316928K, 86% used [0x00000000c0000000,0x000000041dd2f430,0x00000004a3e80000)
 Metaspace       used 13068K, capacity 13404K, committed 13568K, reserved 1060864K
  class space    used 1353K, capacity 1478K, committed 1536K, reserved 1048576K
}
Event: 7013,601 GC heap before
{Heap before GC invocations=45 (full 8):
 PSYoungGen      total 6458368K, used 5766720K [0x000000056ab00000, 0x00000007c0000000, 0x00000007c0000000)
  eden space 3262464K, 100% used [0x000000056ab00000,0x0000000631d00000,0x0000000631d00000)
  from space 3195904K, 78% used [0x00000006fa380000,0x0000000793110000,0x00000007bd480000)
  to   space 3261952K, 0% used [0x0000000631d00000,0x0000000631d00000,0x00000006f8e80000)
 ParOldGen       total 16316928K, used 14120125K [0x00000000c0000000, 0x00000004a3e80000, 0x000000056ab00000)
  object space 16316928K, 86% used [0x00000000c0000000,0x000000041dd2f430,0x00000004a3e80000)
 Metaspace       used 13068K, capacity 13404K, committed 13568K, reserved 1060864K
  class space    used 1353K, capacity 1478K, committed 1536K, reserved 1048576K
Event: 7014,617 GC heap after
Heap after GC invocations=45 (full 8):
 PSYoungGen      total 6524416K, used 1686848K [0x000000056ab00000, 0x00000007c0000000, 0x00000007c0000000)
  eden space 3262464K, 0% used [0x000000056ab00000,0x000000056ab00000,0x0000000631d00000)
  from space 3261952K, 51% used [0x0000000631d00000,0x0000000698c50000,0x00000006f8e80000)
  to   space 3261952K, 0% used [0x00000006f8e80000,0x00000006f8e80000,0x00000007c0000000)
 ParOldGen       total 16316928K, used 15782301K [0x00000000c0000000, 0x00000004a3e80000, 0x000000056ab00000)
  object space 16316928K, 96% used [0x00000000c0000000,0x0000000483467430,0x00000004a3e80000)
 Metaspace       used 13068K, capacity 13404K, committed 13568K, reserved 1060864K
  class space    used 1353K, capacity 1478K, committed 1536K, reserved 1048576K
}
Event: 7014,617 GC heap before
{Heap before GC invocations=46 (full 9):
 PSYoungGen      total 6524416K, used 1686848K [0x000000056ab00000, 0x00000007c0000000, 0x00000007c0000000)
  eden space 3262464K, 0% used [0x000000056ab00000,0x000000056ab00000,0x0000000631d00000)
  from space 3261952K, 51% used [0x0000000631d00000,0x0000000698c50000,0x00000006f8e80000)
  to   space 3261952K, 0% used [0x00000006f8e80000,0x00000006f8e80000,0x00000007c0000000)
 ParOldGen       total 16316928K, used 15782301K [0x00000000c0000000, 0x00000004a3e80000, 0x000000056ab00000)
  object space 16316928K, 96% used [0x00000000c0000000,0x0000000483467430,0x00000004a3e80000)
 Metaspace       used 13068K, capacity 13404K, committed 13568K, reserved 1060864K
  class space    used 1353K, capacity 1478K, committed 1536K, reserved 1048576K

Deoptimization events (10 events):
Event: 5583,592 Thread 0x00007f9b4800e800 Uncommon trap: reason=unstable_if action=reinterpret pc=0x00007f9b3967f26c method=java.time.zone.ZoneRules.getValidOffsets(Ljava/time/LocalDateTime;)Ljava/util/List; @ 10
Event: 5583,599 Thread 0x00007f9b4800e800 Uncommon trap: reason=unstable_if action=reinterpret pc=0x00007f9b397b2b1c method=java.time.zone.ZoneRules.getValidOffsets(Ljava/time/LocalDateTime;)Ljava/util/List; @ 10
Event: 5765,979 Thread 0x00007f9b4800e800 Uncommon trap: reason=unstable_if action=reinterpret pc=0x00007f9b39c20b48 method=java.time.chrono.IsoChronology.resolveYMD(Ljava/util/Map;Ljava/time/format/ResolverStyle;)Ljava/time/LocalDate; @ 144
Event: 5765,984 Thread 0x00007f9b4800e800 Uncommon trap: reason=unstable_if action=reinterpret pc=0x00007f9b39981890 method=java.time.chrono.IsoChronology.resolveYMD(Ljava/util/Map;Ljava/time/format/ResolverStyle;)Ljava/time/LocalDate; @ 144
Event: 6821,511 Thread 0x00007f9b4800e800 Uncommon trap: reason=unstable_if action=reinterpret pc=0x00007f9b39c06fe0 method=java.lang.Long.getChars(JI[C)V @ 94
Event: 6821,511 Thread 0x00007f9b4800e800 Uncommon trap: reason=unstable_if action=reinterpret pc=0x00007f9b39162340 method=java.lang.Long.getChars(JI[C)V @ 94
Event: 6821,518 Thread 0x00007f9b4800e800 Uncommon trap: reason=unstable_if action=reinterpret pc=0x00007f9b394618f8 method=java.lang.Long.getChars(JI[C)V @ 94
Event: 6821,518 Thread 0x00007f9b4800e800 Uncommon trap: reason=unstable_if action=reinterpret pc=0x00007f9b396335b0 method=java.lang.Long.getChars(JI[C)V @ 94
Event: 6821,525 Thread 0x00007f9b4800e800 Uncommon trap: reason=unstable_if action=reinterpret pc=0x00007f9b396c1898 method=java.lang.Long.getChars(JI[C)V @ 94
Event: 6821,525 Thread 0x00007f9b4800e800 Uncommon trap: reason=unstable_if action=reinterpret pc=0x00007f9b39a84484 method=java.lang.Long.getChars(JI[C)V @ 94

Classes redefined (0 events):
No events

Internal exceptions (10 events):
Event: 0,084 Thread 0x00007f9b4800e800 Exception <a 'java/security/PrivilegedActionException'> (0x000000056ad639a8) thrown at [/build/openjdk-8-4aHi5C/openjdk-8-8u232-b09/src/hotspot/src/share/vm/prims/jvm.cpp, line 1502]
Event: 0,084 Thread 0x00007f9b4800e800 Exception <a 'java/security/PrivilegedActionException'> (0x000000056ad63bb8) thrown at [/build/openjdk-8-4aHi5C/openjdk-8-8u232-b09/src/hotspot/src/share/vm/prims/jvm.cpp, line 1502]
Event: 0,084 Thread 0x00007f9b4800e800 Exception <a 'java/security/PrivilegedActionException'> (0x000000056ad64690) thrown at [/build/openjdk-8-4aHi5C/openjdk-8-8u232-b09/src/hotspot/src/share/vm/prims/jvm.cpp, line 1502]
Event: 0,084 Thread 0x00007f9b4800e800 Exception <a 'java/security/PrivilegedActionException'> (0x000000056ad648a0) thrown at [/build/openjdk-8-4aHi5C/openjdk-8-8u232-b09/src/hotspot/src/share/vm/prims/jvm.cpp, line 1502]
Event: 0,158 Thread 0x00007f9b4800e800 Exception <a 'java/lang/NoClassDefFoundError': org/slf4j/impl/StaticLoggerBinder> (0x000000056b945060) thrown at [/build/openjdk-8-4aHi5C/openjdk-8-8u232-b09/src/hotspot/src/share/vm/classfile/systemDictionary.cpp, line 199]
Event: 0,189 Thread 0x00007f9b4800e800 Exception <a 'java/lang/NoSuchFieldError': method resolution failed> (0x000000056bb68630) thrown at [/build/openjdk-8-4aHi5C/openjdk-8-8u232-b09/src/hotspot/src/share/vm/prims/methodHandles.cpp, line 1167]
Event: 0,190 Thread 0x00007f9b4800e800 Exception <a 'java/lang/NoSuchFieldError': method resolution failed> (0x000000056bb765c0) thrown at [/build/openjdk-8-4aHi5C/openjdk-8-8u232-b09/src/hotspot/src/share/vm/prims/methodHandles.cpp, line 1167]
Event: 51,978 Thread 0x00007f9b4800e800 Implicit null exception at 0x00007f9b39401ff5 to 0x00007f9b394033ed
Event: 52,055 Thread 0x00007f9b4800e800 Exception <a 'java/lang/NoClassDefFoundError': org/apache/log4j/Priority> (0x000000076901eb90) thrown at [/build/openjdk-8-4aHi5C/openjdk-8-8u232-b09/src/hotspot/src/share/vm/classfile/systemDictionary.cpp, line 199]
Event: 2232,038 Thread 0x00007f9b4800e800 Implicit null exception at 0x00007f9b39241b7d to 0x00007f9b39241d4a

Events (10 events):
Event: 6821,525 Thread 0x00007f9b4800e800 DEOPT UNPACKING pc=0x00007f9b3904547a sp=0x00007f9b50f34160 mode 2
Event: 6821,525 Thread 0x00007f9b4800e800 Uncommon trap: trap_request=0xffffff65 fr.pc=0x00007f9b39a84484
Event: 6821,525 Thread 0x00007f9b4800e800 DEOPT PACKING pc=0x00007f9b39a84484 sp=0x00007f9b50f341a0
Event: 6821,525 Thread 0x00007f9b4800e800 DEOPT UNPACKING pc=0x00007f9b3904547a sp=0x00007f9b50f34138 mode 2
Event: 6838,593 Thread 0x00007f9b482a0000 flushing nmethod 0x00007f9b3953e790
Event: 6838,601 Thread 0x00007f9b482a0000 flushing nmethod 0x00007f9b395dc710
Event: 6838,601 Thread 0x00007f9b482a0000 flushing nmethod 0x00007f9b39631890
Event: 6838,601 Thread 0x00007f9b482a0000 flushing nmethod 0x00007f9b396339d0
Event: 6966,759 Thread 0x00007f9b48298000 flushing nmethod 0x00007f9b39642090
Event: 7013,600 Executing VM operation: ParallelGCFailedAllocation


Dynamic libraries:
c0000000-4a3e80000 rw-p 00000000 00:00 0 
56ab00000-7c0000000 rw-p 00000000 00:00 0 
7c0000000-7c0180000 rw-p 00000000 00:00 0 
7c0180000-800000000 ---p 00000000 00:00 0 
5649fbc41000-5649fbc42000 r-xp 00000000 08:14 23463254                   /usr/lib/jvm/java-8-openjdk-amd64/jre/bin/java
5649fbe41000-5649fbe42000 r--p 00000000 08:14 23463254                   /usr/lib/jvm/java-8-openjdk-amd64/jre/bin/java
5649fbe42000-5649fbe43000 rw-p 00001000 08:14 23463254                   /usr/lib/jvm/java-8-openjdk-amd64/jre/bin/java
5649fd2be000-5649fd2df000 rw-p 00000000 00:00 0                          [heap]
7f9a94000000-7f9a94021000 rw-p 00000000 00:00 0 
7f9a94021000-7f9a98000000 ---p 00000000 00:00 0 
7f9a98000000-7f9a9802e000 rw-p 00000000 00:00 0 
7f9a9802e000-7f9a9c000000 ---p 00000000 00:00 0 
7f9a9c000000-7f9a9cbbe000 rw-p 00000000 00:00 0 
7f9a9cbbe000-7f9aa0000000 ---p 00000000 00:00 0 
7f9aa0000000-7f9aa0021000 rw-p 00000000 00:00 0 
7f9aa0021000-7f9aa4000000 ---p 00000000 00:00 0 
7f9aa4000000-7f9aa67fb000 rw-p 00000000 00:00 0 
7f9aa67fb000-7f9aa8000000 ---p 00000000 00:00 0 
7f9aa8000000-7f9aaa01d000 rw-p 00000000 00:00 0 
7f9aaa01d000-7f9aac000000 ---p 00000000 00:00 0 
7f9aac000000-7f9aac022000 rw-p 00000000 00:00 0 
7f9aac022000-7f9ab0000000 ---p 00000000 00:00 0 
7f9ab0000000-7f9ab23a2000 rw-p 00000000 00:00 0 
7f9ab23a2000-7f9ab4000000 ---p 00000000 00:00 0 
7f9ab4000000-7f9ab4021000 rw-p 00000000 00:00 0 
7f9ab4021000-7f9ab8000000 ---p 00000000 00:00 0 
7f9ab8000000-7f9ab8021000 rw-p 00000000 00:00 0 
7f9ab8021000-7f9abc000000 ---p 00000000 00:00 0 
7f9abc000000-7f9abc059000 rw-p 00000000 00:00 0 
7f9abc059000-7f9ac0000000 ---p 00000000 00:00 0 
7f9ac0000000-7f9ac0021000 rw-p 00000000 00:00 0 
7f9ac0021000-7f9ac4000000 ---p 00000000 00:00 0 
7f9ac4000000-7f9afc000000 rw-p 00000000 00:00 0 
7f9afc000000-7f9afc173000 rw-p 00000000 00:00 0 
7f9afc173000-7f9b00000000 ---p 00000000 00:00 0 
7f9b00000000-7f9b0005a000 rw-p 00000000 00:00 0 
7f9b0005a000-7f9b04000000 ---p 00000000 00:00 0 
7f9b04000000-7f9b0415e000 rw-p 00000000 00:00 0 
7f9b0415e000-7f9b08000000 ---p 00000000 00:00 0 
7f9b0c000000-7f9b0c021000 rw-p 00000000 00:00 0 
7f9b0c021000-7f9b10000000 ---p 00000000 00:00 0 
7f9b14000000-7f9b14021000 rw-p 00000000 00:00 0 
7f9b14021000-7f9b18000000 ---p 00000000 00:00 0 
7f9b1c000000-7f9b1c021000 rw-p 00000000 00:00 0 
7f9b1c021000-7f9b20000000 ---p 00000000 00:00 0 
7f9b209d3000-7f9b20b93000 rw-p 00000000 00:00 0 
7f9b20b93000-7f9b20bd3000 ---p 00000000 00:00 0 
7f9b20bd3000-7f9b20dd3000 rw-p 00000000 00:00 0 
7f9b20dd3000-7f9b20dfb000 r-xp 00000000 08:14 23470156                   /usr/lib/jvm/java-8-openjdk-amd64/jre/lib/amd64/libsunec.so
7f9b20dfb000-7f9b20ffa000 ---p 00028000 08:14 23470156                   /usr/lib/jvm/java-8-openjdk-amd64/jre/lib/amd64/libsunec.so
7f9b20ffa000-7f9b20ffe000 r--p 00027000 08:14 23470156                   /usr/lib/jvm/java-8-openjdk-amd64/jre/lib/amd64/libsunec.so
7f9b20ffe000-7f9b20fff000 rw-p 0002b000 08:14 23470156                   /usr/lib/jvm/java-8-openjdk-amd64/jre/lib/amd64/libsunec.so
7f9b20fff000-7f9b24000000 rw-p 00000000 00:00 0 
7f9b24000000-7f9b24021000 rw-p 00000000 00:00 0 
7f9b24021000-7f9b28000000 ---p 00000000 00:00 0 
7f9b28038000-7f9b2803b000 ---p 00000000 00:00 0 
7f9b2803b000-7f9b28139000 rw-p 00000000 00:00 0 
7f9b28173000-7f9b28175000 r--s 00016000 08:14 23470194                   /usr/lib/jvm/java-8-openjdk-amd64/jre/lib/jce.jar
7f9b28175000-7f9b2817a000 r--s 000a3000 08:14 23470196                   /usr/lib/jvm/java-8-openjdk-amd64/jre/lib/jsse.jar
7f9b2817a000-7f9b2817f000 r--s 00036000 08:14 2888010                    /home/leo/.m2/repository/com/google/code/gson/gson/2.8.6/gson-2.8.6.jar
7f9b2817f000-7f9b28186000 r--s 0004b000 08:14 1050746                    /home/leo/.m2/repository/commons-codec/commons-codec/1.11/commons-codec-1.11.jar
7f9b28186000-7f9b28188000 r--s 0000e000 08:14 263343                     /home/leo/.m2/repository/commons-logging/commons-logging/1.2/commons-logging-1.2.jar
7f9b28188000-7f9b28190000 r--s 00049000 08:14 2888009                    /home/leo/.m2/repository/org/apache/httpcomponents/httpcore/4.4.12/httpcore-4.4.12.jar
7f9b28190000-7f9b2819d000 r--s 000b1000 08:14 2888006                    /home/leo/.m2/repository/org/apache/httpcomponents/httpclient/4.5.10/httpclient-4.5.10.jar
7f9b2819d000-7f9b2819f000 r--s 00009000 08:14 264725                     /home/leo/.m2/repository/org/hamcrest/hamcrest-core/1.3/hamcrest-core-1.3.jar
7f9b2819f000-7f9b281a6000 r--s 00000000 08:14 23856579                   /usr/lib/x86_64-linux-gnu/gconv/gconv-modules.cache
7f9b281a6000-7f9b281cc000 r--p 00000000 08:14 25050121                   /usr/share/locale-langpack/de/LC_MESSAGES/libc.mo
7f9b281cc000-7f9b281d2000 r--s 00036000 08:14 2888004                    /home/leo/.m2/repository/junit/junit/4.11-beta-1/junit-4.11-beta-1.jar
7f9b281d2000-7f9b281d4000 r--s 00008000 08:14 2888003                    /home/leo/.m2/repository/com/github/stefanbirkner/system-rules/1.19.0/system-rules-1.19.0.jar
7f9b281d4000-7f9b281d6000 r--s 00000000 08:14 2887967                    /home/leo/.m2/repository/com/github/SENERGY-Platform/util-dateparser/c6827b0cdb19c69b5b8e914f7eb1dbf28709efdc/util-dateparser-c6827b0cdb19c69b5b8e914f7eb1dbf28709efdc.jar
7f9b281d6000-7f9b281da000 r--s 00db3000 08:14 2888001                    /home/leo/.m2/repository/org/rocksdb/rocksdbjni/5.15.10/rocksdbjni-5.15.10.jar
7f9b281da000-7f9b281de000 r--s 0002a000 08:14 264748                     /home/leo/.m2/repository/commons-io/commons-io/2.4/commons-io-2.4.jar
7f9b281de000-7f9b281e0000 r--s 0000c000 08:14 1049760                    /home/leo/.m2/repository/org/ow2/asm/asm/5.0.4/asm-5.0.4.jar
7f9b281e0000-7f9b281e2000 r--s 00006000 08:14 2887999                    /home/leo/.m2/repository/net/minidev/accessors-smart/1.2/accessors-smart-1.2.jar
7f9b281e2000-7f9b281e5000 r--s 0001b000 08:14 2887997                    /home/leo/.m2/repository/net/minidev/json-smart/2.3/json-smart-2.3.jar
7f9b281e5000-7f9b281eb000 r--s 00031000 08:14 2887994                    /home/leo/.m2/repository/com/jayway/jsonpath/json-path/2.4.0/json-path-2.4.0.jar
7f9b281eb000-7f9b28209000 r--s 00186000 08:14 1051134                    /home/leo/.m2/repository/org/apache/kafka/kafka-clients/1.1.1/kafka-clients-1.1.1.jar
7f9b28209000-7f9b28216000 r--s 000c8000 08:14 395446                     /home/leo/.m2/repository/org/apache/zookeeper/zookeeper/3.4.10/zookeeper-3.4.10.jar
7f9b28216000-7f9b28263000 r--s 0041c000 08:14 2887983                    /home/leo/.m2/repository/org/scala-lang/scala-reflect/2.11.12/scala-reflect-2.11.12.jar
7f9b28263000-7f9b282fb000 r--s 0075d000 08:14 2887980                    /home/leo/.m2/repository/org/apache/kafka/kafka_2.11/1.1.1/kafka_2.11-1.1.1.jar
7f9b282fb000-7f9b282fc000 ---p 00000000 00:00 0 
7f9b282fc000-7f9b283fc000 rw-p 00000000 00:00 0 
7f9b283fc000-7f9b283ff000 ---p 00000000 00:00 0 
7f9b283ff000-7f9b284fd000 rw-p 00000000 00:00 0 
7f9b284fd000-7f9b284fe000 ---p 00000000 00:00 0 
7f9b284fe000-7f9b28501000 ---p 00000000 00:00 0 
7f9b28501000-7f9b285fe000 rw-p 00000000 00:00 0 
7f9b285fe000-7f9b285ff000 ---p 00000000 00:00 0 
7f9b285ff000-7f9b28602000 ---p 00000000 00:00 0 
7f9b28602000-7f9b286ff000 rw-p 00000000 00:00 0 
7f9b286ff000-7f9b28700000 ---p 00000000 00:00 0 
7f9b28700000-7f9b28703000 ---p 00000000 00:00 0 
7f9b28703000-7f9b2c000000 rw-p 00000000 00:00 0 
7f9b2c000000-7f9b2c0fc000 rw-p 00000000 00:00 0 
7f9b2c0fc000-7f9b30000000 ---p 00000000 00:00 0 
7f9b30000000-7f9b30002000 r--s 0000c000 08:14 2887981                    /home/leo/.m2/repository/org/json/json/20160810/json-20160810.jar
7f9b30002000-7f9b30004000 r--s 001eb000 08:14 1707135                    /home/leo/.m2/repository/org/xerial/snappy/snappy-java/1.1.7.1/snappy-java-1.1.7.1.jar
7f9b30004000-7f9b30007000 r--s 00058000 08:14 1574997                    /home/leo/.m2/repository/org/lz4/lz4-java/1.4.1/lz4-java-1.4.1.jar
7f9b30007000-7f9b3000a000 r--s 00010000 08:14 2887990                    /home/leo/.m2/repository/com/101tec/zkclient/0.10/zkclient-0.10.jar
7f9b3000a000-7f9b30063000 r--s 00523000 08:14 395518                     /home/leo/.m2/repository/org/scala-lang/scala-library/2.11.12/scala-library-2.11.12.jar
7f9b30063000-7f9b30066000 r--s 00012000 08:14 396201                     /home/leo/.m2/repository/com/yammer/metrics/metrics-core/2.2.0/metrics-core-2.2.0.jar
7f9b30066000-7f9b30069000 r--s 00011000 08:14 2887984                    /home/leo/.m2/repository/net/sf/jopt-simple/jopt-simple/5.0.4/jopt-simple-5.0.4.jar
7f9b30069000-7f9b3006e000 r--s 0004b000 08:14 2887982                    /home/leo/.m2/repository/com/fasterxml/jackson/core/jackson-core/2.9.6/jackson-core-2.9.6.jar
7f9b3006e000-7f9b30081000 r--s 00137000 08:14 2366161                    /home/leo/.m2/repository/com/fasterxml/jackson/core/jackson-databind/2.9.6/jackson-databind-2.9.6.jar
7f9b30081000-7f9b30093000 r--s 000b8000 08:14 1051130                    /home/leo/.m2/repository/org/apache/kafka/kafka-streams/1.1.1/kafka-streams-1.1.1.jar
7f9b30093000-7f9b30094000 ---p 00000000 00:00 0 
7f9b30094000-7f9b30097000 ---p 00000000 00:00 0 
7f9b30097000-7f9b30194000 rw-p 00000000 00:00 0 
7f9b30194000-7f9b30197000 ---p 00000000 00:00 0 
7f9b30197000-7f9b30295000 rw-p 00000000 00:00 0 
7f9b30295000-7f9b302ac000 r-xp 00000000 08:14 23470151                   /usr/lib/jvm/java-8-openjdk-amd64/jre/lib/amd64/libnet.so
7f9b302ac000-7f9b304ab000 ---p 00017000 08:14 23470151                   /usr/lib/jvm/java-8-openjdk-amd64/jre/lib/amd64/libnet.so
7f9b304ab000-7f9b304ac000 r--p 00016000 08:14 23470151                   /usr/lib/jvm/java-8-openjdk-amd64/jre/lib/amd64/libnet.so
7f9b304ac000-7f9b304ad000 rw-p 00017000 08:14 23470151                   /usr/lib/jvm/java-8-openjdk-amd64/jre/lib/amd64/libnet.so
7f9b304ad000-7f9b304be000 r-xp 00000000 08:14 23470152                   /usr/lib/jvm/java-8-openjdk-amd64/jre/lib/amd64/libnio.so
7f9b304be000-7f9b306be000 ---p 00011000 08:14 23470152                   /usr/lib/jvm/java-8-openjdk-amd64/jre/lib/amd64/libnio.so
7f9b306be000-7f9b306bf000 r--p 00011000 08:14 23470152                   /usr/lib/jvm/java-8-openjdk-amd64/jre/lib/amd64/libnio.so
7f9b306bf000-7f9b306c0000 rw-p 00012000 08:14 23470152                   /usr/lib/jvm/java-8-openjdk-amd64/jre/lib/amd64/libnio.so
7f9b306c0000-7f9b306c3000 ---p 00000000 00:00 0 
7f9b306c3000-7f9b307c1000 rw-p 00000000 00:00 0 
7f9b307c1000-7f9b31190000 r--p 00000000 08:14 23466544                   /usr/lib/locale/locale-archive
7f9b31190000-7f9b31193000 ---p 00000000 00:00 0 
7f9b31193000-7f9b31291000 rw-p 00000000 00:00 0 
7f9b31291000-7f9b31294000 ---p 00000000 00:00 0 
7f9b31294000-7f9b31392000 rw-p 00000000 00:00 0 
7f9b31392000-7f9b31393000 ---p 00000000 00:00 0 
7f9b31393000-7f9b332a9000 rw-p 00000000 00:00 0 
7f9b332a9000-7f9b351c9000 rw-p 00000000 00:00 0 
7f9b351c9000-7f9b357ff000 ---p 00000000 00:00 0 
7f9b357ff000-7f9b3771f000 rw-p 00000000 00:00 0 
7f9b3771f000-7f9b37d54000 ---p 00000000 00:00 0 
7f9b37d54000-7f9b38fff000 rw-p 00000000 00:00 0 
7f9b38fff000-7f9b39000000 rw-p 00000000 00:00 0 
7f9b39000000-7f9b39c90000 rwxp 00000000 00:00 0 
7f9b39c90000-7f9b48000000 ---p 00000000 00:00 0 
7f9b48000000-7f9b48772000 rw-p 00000000 00:00 0 
7f9b48772000-7f9b4c000000 ---p 00000000 00:00 0 
7f9b4c000000-7f9b4c002000 r--s 00012000 08:14 2887988                    /home/leo/.m2/repository/com/typesafe/scala-logging/scala-logging_2.11/3.8.0/scala-logging_2.11-3.8.0.jar
7f9b4c002000-7f9b4c005000 r--s 0000e000 08:14 530012                     /home/leo/.m2/repository/com/fasterxml/jackson/core/jackson-annotations/2.9.0/jackson-annotations-2.9.0.jar
7f9b4c005000-7f9b4c007000 r--s 00009000 08:14 395573                     /home/leo/.m2/repository/org/slf4j/slf4j-api/1.7.25/slf4j-api-1.7.25.jar
7f9b4c007000-7f9b4c009000 r--s 00014000 08:14 2230550                    /home/leo/.m2/repository/org/apache/kafka/connect-api/1.1.1/connect-api-1.1.1.jar
7f9b4c009000-7f9b4c00a000 r--s 0000a000 08:14 1968366                    /home/leo/.m2/repository/org/apache/kafka/connect-json/1.1.1/connect-json-1.1.1.jar
7f9b4c00a000-7f9b4c00b000 r--s 00004000 08:14 917808                     /home/leo/.m2/repository/com/github/SENERGY-Platform/analytics-operator-lib/bf1bf0b2a92d2c7b21c236facd007e260a37bc17/analytics-operator-lib-bf1bf0b2a92d2c7b21c236facd007e260a37bc17.jar
7f9b4c00b000-7f9b4c01e000 r--s 00346000 08:14 23470201                   /usr/lib/jvm/java-8-openjdk-amd64/jre/lib/resources.jar
7f9b4c01e000-7f9b4c01f000 r--s 00000000 08:14 23470199                   /usr/lib/jvm/java-8-openjdk-amd64/jre/lib/management-agent.jar
7f9b4c01f000-7f9b4c024000 r--s 000a3000 08:14 23470196                   /usr/lib/jvm/java-8-openjdk-amd64/jre/lib/jsse.jar
7f9b4c024000-7f9b4c026000 r--s 00016000 08:14 23470194                   /usr/lib/jvm/java-8-openjdk-amd64/jre/lib/jce.jar
7f9b4c026000-7f9b4c028000 r--s 00007000 08:14 23988435                   /usr/share/java/java-atk-wrapper.jar
7f9b4c028000-7f9b4c02d000 r--s 002f9000 08:14 23470163                   /usr/lib/jvm/java-8-openjdk-amd64/jre/lib/charsets.jar
7f9b4c02d000-7f9b4c02f000 r--s 0001f000 07:09 3688                       /snap/intellij-idea-ultimate/193/plugins/junit/lib/junit-rt.jar
7f9b4c02f000-7f9b4c030000 r--s 0000a000 07:09 3689                       /snap/intellij-idea-ultimate/193/plugins/junit/lib/junit5-rt.jar
7f9b4c030000-7f9b4c04b000 r--s 00394000 08:14 23470173                   /usr/lib/jvm/java-8-openjdk-amd64/jre/lib/ext/cldrdata.jar
7f9b4c04b000-7f9b4c066000 r--s 001d6000 08:14 23470178                   /usr/lib/jvm/java-8-openjdk-amd64/jre/lib/ext/nashorn.jar
7f9b4c066000-7f9b4c5b9000 rw-p 00000000 00:00 0 
7f9b4c5b9000-7f9b4c789000 r--s 03c5f000 08:14 23470202                   /usr/lib/jvm/java-8-openjdk-amd64/jre/lib/rt.jar
7f9b4c789000-7f9b4c9b9000 rw-p 00000000 00:00 0 
7f9b4c9b9000-7f9b4c9ba000 ---p 00000000 00:00 0 
7f9b4c9ba000-7f9b4caba000 rw-p 00000000 00:00 0 
7f9b4caba000-7f9b4cabb000 ---p 00000000 00:00 0 
7f9b4cabb000-7f9b4cbbb000 rw-p 00000000 00:00 0 
7f9b4cbbb000-7f9b4cbbc000 ---p 00000000 00:00 0 
7f9b4cbbc000-7f9b4ccbc000 rw-p 00000000 00:00 0 
7f9b4ccbc000-7f9b4ccbd000 ---p 00000000 00:00 0 
7f9b4ccbd000-7f9b4cdbd000 rw-p 00000000 00:00 0 
7f9b4cdbd000-7f9b4cdbe000 ---p 00000000 00:00 0 
7f9b4cdbe000-7f9b4cebe000 rw-p 00000000 00:00 0 
7f9b4cebe000-7f9b4cebf000 ---p 00000000 00:00 0 
7f9b4cebf000-7f9b4cfbf000 rw-p 00000000 00:00 0 
7f9b4cfbf000-7f9b4cfc0000 ---p 00000000 00:00 0 
7f9b4cfc0000-7f9b4d0c0000 rw-p 00000000 00:00 0 
7f9b4d0c0000-7f9b4d0c1000 ---p 00000000 00:00 0 
7f9b4d0c1000-7f9b4d1f4000 rw-p 00000000 00:00 0 
7f9b4d1f4000-7f9b4d581000 ---p 00000000 00:00 0 
7f9b4d581000-7f9b4d589000 r-xp 00000000 08:14 23470159                   /usr/lib/jvm/java-8-openjdk-amd64/jre/lib/amd64/libzip.so
7f9b4d589000-7f9b4d788000 ---p 00008000 08:14 23470159                   /usr/lib/jvm/java-8-openjdk-amd64/jre/lib/amd64/libzip.so
7f9b4d788000-7f9b4d789000 r--p 00007000 08:14 23470159                   /usr/lib/jvm/java-8-openjdk-amd64/jre/lib/amd64/libzip.so
7f9b4d789000-7f9b4d78a000 rw-p 00008000 08:14 23470159                   /usr/lib/jvm/java-8-openjdk-amd64/jre/lib/amd64/libzip.so
7f9b4d78a000-7f9b4d795000 r-xp 00000000 08:14 23204585                   /lib/x86_64-linux-gnu/libnss_files-2.27.so
7f9b4d795000-7f9b4d994000 ---p 0000b000 08:14 23204585                   /lib/x86_64-linux-gnu/libnss_files-2.27.so
7f9b4d994000-7f9b4d995000 r--p 0000a000 08:14 23204585                   /lib/x86_64-linux-gnu/libnss_files-2.27.so
7f9b4d995000-7f9b4d996000 rw-p 0000b000 08:14 23204585                   /lib/x86_64-linux-gnu/libnss_files-2.27.so
7f9b4d996000-7f9b4d99c000 rw-p 00000000 00:00 0 
7f9b4d99c000-7f9b4d9b3000 r-xp 00000000 08:14 23204579                   /lib/x86_64-linux-gnu/libnsl-2.27.so
7f9b4d9b3000-7f9b4dbb2000 ---p 00017000 08:14 23204579                   /lib/x86_64-linux-gnu/libnsl-2.27.so
7f9b4dbb2000-7f9b4dbb3000 r--p 00016000 08:14 23204579                   /lib/x86_64-linux-gnu/libnsl-2.27.so
7f9b4dbb3000-7f9b4dbb4000 rw-p 00017000 08:14 23204579                   /lib/x86_64-linux-gnu/libnsl-2.27.so
7f9b4dbb4000-7f9b4dbb6000 rw-p 00000000 00:00 0 
7f9b4dbb6000-7f9b4dbc1000 r-xp 00000000 08:14 23204596                   /lib/x86_64-linux-gnu/libnss_nis-2.27.so
7f9b4dbc1000-7f9b4ddc0000 ---p 0000b000 08:14 23204596                   /lib/x86_64-linux-gnu/libnss_nis-2.27.so
7f9b4ddc0000-7f9b4ddc1000 r--p 0000a000 08:14 23204596                   /lib/x86_64-linux-gnu/libnss_nis-2.27.so
7f9b4ddc1000-7f9b4ddc2000 rw-p 0000b000 08:14 23204596                   /lib/x86_64-linux-gnu/libnss_nis-2.27.so
7f9b4ddc2000-7f9b4ddca000 r-xp 00000000 08:14 23204581                   /lib/x86_64-linux-gnu/libnss_compat-2.27.so
7f9b4ddca000-7f9b4dfca000 ---p 00008000 08:14 23204581                   /lib/x86_64-linux-gnu/libnss_compat-2.27.so
7f9b4dfca000-7f9b4dfcb000 r--p 00008000 08:14 23204581                   /lib/x86_64-linux-gnu/libnss_compat-2.27.so
7f9b4dfcb000-7f9b4dfcc000 rw-p 00009000 08:14 23204581                   /lib/x86_64-linux-gnu/libnss_compat-2.27.so
7f9b4dfcc000-7f9b4dfd6000 r-xp 00000000 08:14 23467269                   /usr/lib/jvm/java-8-openjdk-amd64/jre/lib/amd64/libinstrument.so
7f9b4dfd6000-7f9b4e1d5000 ---p 0000a000 08:14 23467269                   /usr/lib/jvm/java-8-openjdk-amd64/jre/lib/amd64/libinstrument.so
7f9b4e1d5000-7f9b4e1d6000 r--p 00009000 08:14 23467269                   /usr/lib/jvm/java-8-openjdk-amd64/jre/lib/amd64/libinstrument.so
7f9b4e1d6000-7f9b4e1d7000 rw-p 0000a000 08:14 23467269                   /usr/lib/jvm/java-8-openjdk-amd64/jre/lib/amd64/libinstrument.so
7f9b4e1d7000-7f9b4e201000 r-xp 00000000 08:14 23470133                   /usr/lib/jvm/java-8-openjdk-amd64/jre/lib/amd64/libjava.so
7f9b4e201000-7f9b4e400000 ---p 0002a000 08:14 23470133                   /usr/lib/jvm/java-8-openjdk-amd64/jre/lib/amd64/libjava.so
7f9b4e400000-7f9b4e401000 r--p 00029000 08:14 23470133                   /usr/lib/jvm/java-8-openjdk-amd64/jre/lib/amd64/libjava.so
7f9b4e401000-7f9b4e403000 rw-p 0002a000 08:14 23470133                   /usr/lib/jvm/java-8-openjdk-amd64/jre/lib/amd64/libjava.so
7f9b4e403000-7f9b4e413000 r-xp 00000000 08:14 23470158                   /usr/lib/jvm/java-8-openjdk-amd64/jre/lib/amd64/libverify.so
7f9b4e413000-7f9b4e612000 ---p 00010000 08:14 23470158                   /usr/lib/jvm/java-8-openjdk-amd64/jre/lib/amd64/libverify.so
7f9b4e612000-7f9b4e614000 r--p 0000f000 08:14 23470158                   /usr/lib/jvm/java-8-openjdk-amd64/jre/lib/amd64/libverify.so
7f9b4e614000-7f9b4e615000 rw-p 00011000 08:14 23470158                   /usr/lib/jvm/java-8-openjdk-amd64/jre/lib/amd64/libverify.so
7f9b4e615000-7f9b4e61c000 r-xp 00000000 08:14 23204636                   /lib/x86_64-linux-gnu/librt-2.27.so
7f9b4e61c000-7f9b4e81b000 ---p 00007000 08:14 23204636                   /lib/x86_64-linux-gnu/librt-2.27.so
7f9b4e81b000-7f9b4e81c000 r--p 00006000 08:14 23204636                   /lib/x86_64-linux-gnu/librt-2.27.so
7f9b4e81c000-7f9b4e81d000 rw-p 00007000 08:14 23204636                   /lib/x86_64-linux-gnu/librt-2.27.so
7f9b4e81d000-7f9b4e834000 r-xp 00000000 08:14 23204492                   /lib/x86_64-linux-gnu/libgcc_s.so.1
7f9b4e834000-7f9b4ea33000 ---p 00017000 08:14 23204492                   /lib/x86_64-linux-gnu/libgcc_s.so.1
7f9b4ea33000-7f9b4ea34000 r--p 00016000 08:14 23204492                   /lib/x86_64-linux-gnu/libgcc_s.so.1
7f9b4ea34000-7f9b4ea35000 rw-p 00017000 08:14 23204492                   /lib/x86_64-linux-gnu/libgcc_s.so.1
7f9b4ea35000-7f9b4ebd2000 r-xp 00000000 08:14 23204558                   /lib/x86_64-linux-gnu/libm-2.27.so
7f9b4ebd2000-7f9b4edd1000 ---p 0019d000 08:14 23204558                   /lib/x86_64-linux-gnu/libm-2.27.so
7f9b4edd1000-7f9b4edd2000 r--p 0019c000 08:14 23204558                   /lib/x86_64-linux-gnu/libm-2.27.so
7f9b4edd2000-7f9b4edd3000 rw-p 0019d000 08:14 23204558                   /lib/x86_64-linux-gnu/libm-2.27.so
7f9b4edd3000-7f9b4ef4c000 r-xp 00000000 08:14 23465528                   /usr/lib/x86_64-linux-gnu/libstdc++.so.6.0.25
7f9b4ef4c000-7f9b4f14c000 ---p 00179000 08:14 23465528                   /usr/lib/x86_64-linux-gnu/libstdc++.so.6.0.25
7f9b4f14c000-7f9b4f156000 r--p 00179000 08:14 23465528                   /usr/lib/x86_64-linux-gnu/libstdc++.so.6.0.25
7f9b4f156000-7f9b4f158000 rw-p 00183000 08:14 23465528                   /usr/lib/x86_64-linux-gnu/libstdc++.so.6.0.25
7f9b4f158000-7f9b4f15c000 rw-p 00000000 00:00 0 
7f9b4f15c000-7f9b4fdfe000 r-xp 00000000 08:14 23470162                   /usr/lib/jvm/java-8-openjdk-amd64/jre/lib/amd64/server/libjvm.so
7f9b4fdfe000-7f9b4fffd000 ---p 00ca2000 08:14 23470162                   /usr/lib/jvm/java-8-openjdk-amd64/jre/lib/amd64/server/libjvm.so
7f9b4fffd000-7f9b50091000 r--p 00ca1000 08:14 23470162                   /usr/lib/jvm/java-8-openjdk-amd64/jre/lib/amd64/server/libjvm.so
7f9b50091000-7f9b500ba000 rw-p 00d35000 08:14 23470162                   /usr/lib/jvm/java-8-openjdk-amd64/jre/lib/amd64/server/libjvm.so
7f9b500ba000-7f9b500ea000 rw-p 00000000 00:00 0 
7f9b500ea000-7f9b50104000 r-xp 00000000 08:14 23204628                   /lib/x86_64-linux-gnu/libpthread-2.27.so
7f9b50104000-7f9b50303000 ---p 0001a000 08:14 23204628                   /lib/x86_64-linux-gnu/libpthread-2.27.so
7f9b50303000-7f9b50304000 r--p 00019000 08:14 23204628                   /lib/x86_64-linux-gnu/libpthread-2.27.so
7f9b50304000-7f9b50305000 rw-p 0001a000 08:14 23204628                   /lib/x86_64-linux-gnu/libpthread-2.27.so
7f9b50305000-7f9b50309000 rw-p 00000000 00:00 0 
7f9b50309000-7f9b5030c000 r-xp 00000000 08:14 23204518                   /lib/x86_64-linux-gnu/libdl-2.27.so
7f9b5030c000-7f9b5050b000 ---p 00003000 08:14 23204518                   /lib/x86_64-linux-gnu/libdl-2.27.so
7f9b5050b000-7f9b5050c000 r--p 00002000 08:14 23204518                   /lib/x86_64-linux-gnu/libdl-2.27.so
7f9b5050c000-7f9b5050d000 rw-p 00003000 08:14 23204518                   /lib/x86_64-linux-gnu/libdl-2.27.so
7f9b5050d000-7f9b50529000 r-xp 00000000 08:14 23204667                   /lib/x86_64-linux-gnu/libz.so.1.2.11
7f9b50529000-7f9b50728000 ---p 0001c000 08:14 23204667                   /lib/x86_64-linux-gnu/libz.so.1.2.11
7f9b50728000-7f9b50729000 r--p 0001b000 08:14 23204667                   /lib/x86_64-linux-gnu/libz.so.1.2.11
7f9b50729000-7f9b5072a000 rw-p 0001c000 08:14 23204667                   /lib/x86_64-linux-gnu/libz.so.1.2.11
7f9b5072a000-7f9b50911000 r-xp 00000000 08:14 23204495                   /lib/x86_64-linux-gnu/libc-2.27.so
7f9b50911000-7f9b50b11000 ---p 001e7000 08:14 23204495                   /lib/x86_64-linux-gnu/libc-2.27.so
7f9b50b11000-7f9b50b15000 r--p 001e7000 08:14 23204495                   /lib/x86_64-linux-gnu/libc-2.27.so
7f9b50b15000-7f9b50b17000 rw-p 001eb000 08:14 23204495                   /lib/x86_64-linux-gnu/libc-2.27.so
7f9b50b17000-7f9b50b1b000 rw-p 00000000 00:00 0 
7f9b50b1b000-7f9b50b29000 r-xp 00000000 08:14 23467159                   /usr/lib/jvm/java-8-openjdk-amd64/jre/lib/amd64/jli/libjli.so
7f9b50b29000-7f9b50d28000 ---p 0000e000 08:14 23467159                   /usr/lib/jvm/java-8-openjdk-amd64/jre/lib/amd64/jli/libjli.so
7f9b50d28000-7f9b50d29000 r--p 0000d000 08:14 23467159                   /usr/lib/jvm/java-8-openjdk-amd64/jre/lib/amd64/jli/libjli.so
7f9b50d29000-7f9b50d2a000 rw-p 0000e000 08:14 23467159                   /usr/lib/jvm/java-8-openjdk-amd64/jre/lib/amd64/jli/libjli.so
7f9b50d2a000-7f9b50d51000 r-xp 00000000 08:14 23204467                   /lib/x86_64-linux-gnu/ld-2.27.so
7f9b50d51000-7f9b50d54000 r--s 0001c000 07:09 598                        /snap/intellij-idea-ultimate/193/lib/idea_rt.jar
7f9b50d54000-7f9b50d55000 r--s 00010000 08:14 23470182                   /usr/lib/jvm/java-8-openjdk-amd64/jre/lib/ext/zipfs.jar
7f9b50d55000-7f9b50d56000 r--s 0000a000 08:14 23470176                   /usr/lib/jvm/java-8-openjdk-amd64/jre/lib/ext/jaccess.jar
7f9b50d56000-7f9b50d5b000 r--s 0003d000 08:14 23470180                   /usr/lib/jvm/java-8-openjdk-amd64/jre/lib/ext/sunjce_provider.jar
7f9b50d5b000-7f9b50d65000 r--s 00116000 08:14 23470177                   /usr/lib/jvm/java-8-openjdk-amd64/jre/lib/ext/localedata.jar
7f9b50d65000-7f9b50e36000 rw-p 00000000 00:00 0 
7f9b50e36000-7f9b50e37000 ---p 00000000 00:00 0 
7f9b50e37000-7f9b50e3a000 ---p 00000000 00:00 0 
7f9b50e3a000-7f9b50f39000 rw-p 00000000 00:00 0 
7f9b50f39000-7f9b50f3a000 r--s 0000d000 08:14 23470179                   /usr/lib/jvm/java-8-openjdk-amd64/jre/lib/ext/sunec.jar
7f9b50f3a000-7f9b50f3c000 r--s 00001000 08:14 23470174                   /usr/lib/jvm/java-8-openjdk-amd64/jre/lib/ext/dnsns.jar
7f9b50f3c000-7f9b50f3e000 r--s 00007000 08:14 23988435                   /usr/share/java/java-atk-wrapper.jar
7f9b50f3e000-7f9b50f42000 r--s 0003a000 08:14 23470181                   /usr/lib/jvm/java-8-openjdk-amd64/jre/lib/ext/sunpkcs11.jar
7f9b50f42000-7f9b50f45000 r--s 0000f000 08:14 23470175                   /usr/lib/jvm/java-8-openjdk-amd64/jre/lib/ext/icedtea-sound.jar
7f9b50f45000-7f9b50f4d000 rw-s 00000000 08:14 917807                     /tmp/hsperfdata_leo/3306
7f9b50f4d000-7f9b50f4e000 rw-p 00000000 00:00 0 
7f9b50f4e000-7f9b50f4f000 ---p 00000000 00:00 0 
7f9b50f4f000-7f9b50f51000 rw-p 00000000 00:00 0 
7f9b50f51000-7f9b50f52000 r--p 00027000 08:14 23204467                   /lib/x86_64-linux-gnu/ld-2.27.so
7f9b50f52000-7f9b50f53000 rw-p 00028000 08:14 23204467                   /lib/x86_64-linux-gnu/ld-2.27.so
7f9b50f53000-7f9b50f54000 rw-p 00000000 00:00 0 
7ffdedbe2000-7ffdedc04000 rw-p 00000000 00:00 0                          [stack]
7ffdedc0c000-7ffdedc0f000 r--p 00000000 00:00 0                          [vvar]
7ffdedc0f000-7ffdedc11000 r-xp 00000000 00:00 0                          [vdso]
ffffffffff600000-ffffffffff601000 r-xp 00000000 00:00 0                  [vsyscall]

VM Arguments:
jvm_args: -ea -Xmx28g -Didea.test.cyclic.buffer.size=1048576 -javaagent:/snap/intellij-idea-ultimate/193/lib/idea_rt.jar=43023:/snap/intellij-idea-ultimate/193/bin -Dfile.encoding=UTF-8 
java_command: com.intellij.rt.junit.JUnitStarter -ideVersion5 -junit4 TestPreprocessing
java_class_path (initial): /snap/intellij-idea-ultimate/193/lib/idea_rt.jar:/snap/intellij-idea-ultimate/193/plugins/junit/lib/junit5-rt.jar:/snap/intellij-idea-ultimate/193/plugins/junit/lib/junit-rt.jar:/usr/lib/jvm/java-1.8.0-openjdk-amd64/jre/lib/charsets.jar:/usr/lib/jvm/java-1.8.0-openjdk-amd64/jre/lib/ext/cldrdata.jar:/usr/lib/jvm/java-1.8.0-openjdk-amd64/jre/lib/ext/dnsns.jar:/usr/lib/jvm/java-1.8.0-openjdk-amd64/jre/lib/ext/icedtea-sound.jar:/usr/lib/jvm/java-1.8.0-openjdk-amd64/jre/lib/ext/jaccess.jar:/usr/lib/jvm/java-1.8.0-openjdk-amd64/jre/lib/ext/java-atk-wrapper.jar:/usr/lib/jvm/java-1.8.0-openjdk-amd64/jre/lib/ext/localedata.jar:/usr/lib/jvm/java-1.8.0-openjdk-amd64/jre/lib/ext/nashorn.jar:/usr/lib/jvm/java-1.8.0-openjdk-amd64/jre/lib/ext/sunec.jar:/usr/lib/jvm/java-1.8.0-openjdk-amd64/jre/lib/ext/sunjce_provider.jar:/usr/lib/jvm/java-1.8.0-openjdk-amd64/jre/lib/ext/sunpkcs11.jar:/usr/lib/jvm/java-1.8.0-openjdk-amd64/jre/lib/ext/zipfs.jar:/usr/lib/jvm/java-1.8.0-openjdk-amd64/jre/lib/jce.jar:/usr/lib/jvm/java-1.8.0-openjdk-amd64/jre/lib/jsse.jar:/usr/lib/jvm/java-1.8.0-openjdk-amd64/jre/lib/management-agent.jar:/usr/lib/jvm/java-1.8.0-openjdk-amd64/jre/lib/resources.jar:/usr/lib/jvm/java-1.8.0-openjdk-amd64/jre/lib/rt.jar:/home/leo/Schreibtisch/ma-preprocessing/target/test-classes:/home/leo/Schreibtisch/ma-preprocessing/target/classes:/home/leo/.m2/repository/com/github/SENERGY-Platform/analytics-operator-lib/bf1bf0b2a92d2c7b21c236facd007e260a37bc17/analytics-operator-lib-bf1bf0b2a92d2c7b21c236facd007e260a37bc17.jar:/home/leo/.m2/repository/org/apache/kafka/kafka-streams/1.1.1/kafka-streams-1.1.1.jar:/home/leo/.m2/repository/org/apache/kafka/connect-json/1.1.1/connect-json-1.1.1.jar:/home/leo/.m2/repository/org/apache/kafka/connect-api/1.1.1/connect-api-1.1.1.jar:/home/leo/.m2/repository/org/slf4j/slf4j-api/1.7.25/slf4j-api-1.7.25.jar:/home/leo/.m2/repository/org/apache/kafka/kafka_2.11/1.1.1/kafka_2.11-1.1.1.jar:/home/leo/.m2/repository/com/faster
Launcher Type: SUN_STANDARD

Environment Variables:
PATH=/usr/local/sbin:/usr/local/bin:/usr/sbin:/usr/bin:/sbin:/bin:/usr/games:/usr/local/games:/snap/bin
USERNAME=leo
SHELL=/bin/bash
DISPLAY=:0

Signal Handlers:
SIGSEGV: [libjvm.so+0xabafd0], sa_mask[0]=11111111011111111101111111111110, sa_flags=SA_RESTART|SA_SIGINFO
SIGBUS: [libjvm.so+0xabafd0], sa_mask[0]=11111111011111111101111111111110, sa_flags=SA_RESTART|SA_SIGINFO
SIGFPE: [libjvm.so+0x8f05b0], sa_mask[0]=11111111011111111101111111111110, sa_flags=SA_RESTART|SA_SIGINFO
SIGPIPE: [libjvm.so+0x8f05b0], sa_mask[0]=11111111011111111101111111111110, sa_flags=SA_RESTART|SA_SIGINFO
SIGXFSZ: [libjvm.so+0x8f05b0], sa_mask[0]=11111111011111111101111111111110, sa_flags=SA_RESTART|SA_SIGINFO
SIGILL: [libjvm.so+0x8f05b0], sa_mask[0]=11111111011111111101111111111110, sa_flags=SA_RESTART|SA_SIGINFO
SIGUSR1: SIG_DFL, sa_mask[0]=00000000000000000000000000000000, sa_flags=none
SIGUSR2: [libjvm.so+0x8f0460], sa_mask[0]=00100000000000000000000000000000, sa_flags=SA_RESTART|SA_SIGINFO
SIGHUP: [libjvm.so+0x8f0ad0], sa_mask[0]=11111111011111111101111111111110, sa_flags=SA_RESTART|SA_SIGINFO
SIGINT: [libjvm.so+0x8f0ad0], sa_mask[0]=11111111011111111101111111111110, sa_flags=SA_RESTART|SA_SIGINFO
SIGTERM: [libjvm.so+0x8f0ad0], sa_mask[0]=11111111011111111101111111111110, sa_flags=SA_RESTART|SA_SIGINFO
SIGQUIT: [libjvm.so+0x8f0ad0], sa_mask[0]=11111111011111111101111111111110, sa_flags=SA_RESTART|SA_SIGINFO


---------------  S Y S T E M  ---------------

OS:DISTRIB_ID=Ubuntu
DISTRIB_RELEASE=18.04
DISTRIB_CODENAME=bionic
DISTRIB_DESCRIPTION="Ubuntu 18.04.3 LTS"

uname:Linux 4.15.0-76-generic #86-Ubuntu SMP Fri Jan 17 17:24:28 UTC 2020 x86_64
libc:glibc 2.27 NPTL 2.27 
rlimit: STACK 8192k, CORE 0k, NPROC 127750, NOFILE 1048576, AS infinity
load average:1,92 0,61 0,42

/proc/meminfo:
MemTotal:       32897920 kB
MemFree:          257612 kB
MemAvailable:     236164 kB
Buffers:            4516 kB
Cached:           325312 kB
SwapCached:          468 kB
Active:         30947724 kB
Inactive:        1239188 kB
Active(anon):   30792072 kB
Inactive(anon):  1083572 kB
Active(file):     155652 kB
Inactive(file):   155616 kB
Unevictable:          24 kB
Mlocked:              24 kB
SwapTotal:       2097148 kB
SwapFree:        2092028 kB
Dirty:               132 kB
Writeback:             0 kB
AnonPages:      31856852 kB
Mapped:           323960 kB
Shmem:             20552 kB
Slab:             141932 kB
SReclaimable:      64568 kB
SUnreclaim:        77364 kB
KernelStack:       19536 kB
PageTables:       112420 kB
NFS_Unstable:          0 kB
Bounce:                0 kB
WritebackTmp:          0 kB
CommitLimit:    18546108 kB
Committed_AS:   40501988 kB
VmallocTotal:   34359738367 kB
VmallocUsed:           0 kB
VmallocChunk:          0 kB
HardwareCorrupted:     0 kB
AnonHugePages:         0 kB
ShmemHugePages:        0 kB
ShmemPmdMapped:        0 kB
CmaTotal:              0 kB
CmaFree:               0 kB
HugePages_Total:       0
HugePages_Free:        0
HugePages_Rsvd:        0
HugePages_Surp:        0
Hugepagesize:       2048 kB
DirectMap4k:      779064 kB
DirectMap2M:    14907392 kB
DirectMap1G:    17825792 kB

container (cgroup) information:
container_type: cgroupv1
cpu_cpuset_cpus: 0-7
cpu_memory_nodes: 0
active_processor_count: 8
cpu_quota: -1
cpu_period: 100000
cpu_shares: -1
memory_limit_in_bytes: -1
memory_and_swap_limit_in_bytes: -2
memory_soft_limit_in_bytes: -1
memory_usage_in_bytes: 32960200704
memory_max_usage_in_bytes: 382205952


CPU:total 8 (initial active 8) (4 cores per cpu, 2 threads per core) family 6 model 158 stepping 9, cmov, cx8, fxsr, mmx, sse, sse2, sse3, ssse3, sse4.1, sse4.2, popcnt, avx, avx2, aes, clmul, erms, rtm, 3dnowpref, lzcnt, ht, tsc, tscinvbit, bmi1, bmi2, adx

/proc/cpuinfo:
processor	: 0
vendor_id	: GenuineIntel
cpu family	: 6
model		: 158
model name	: Intel(R) Core(TM) i7-7700 CPU @ 3.60GHz
stepping	: 9
microcode	: 0xca
cpu MHz		: 4101.592
cache size	: 8192 KB
physical id	: 0
siblings	: 8
core id		: 0
cpu cores	: 4
apicid		: 0
initial apicid	: 0
fpu		: yes
fpu_exception	: yes
cpuid level	: 22
wp		: yes
flags		: fpu vme de pse tsc msr pae mce cx8 apic sep mtrr pge mca cmov pat pse36 clflush dts acpi mmx fxsr sse sse2 ss ht tm pbe syscall nx pdpe1gb rdtscp lm constant_tsc art arch_perfmon pebs bts rep_good nopl xtopology nonstop_tsc cpuid aperfmperf tsc_known_freq pni pclmulqdq dtes64 monitor ds_cpl vmx smx est tm2 ssse3 sdbg fma cx16 xtpr pdcm pcid sse4_1 sse4_2 x2apic movbe popcnt tsc_deadline_timer aes xsave avx f16c rdrand lahf_lm abm 3dnowprefetch cpuid_fault invpcid_single pti ssbd ibrs ibpb stibp tpr_shadow vnmi flexpriority ept vpid fsgsbase tsc_adjust bmi1 hle avx2 smep bmi2 erms invpcid rtm mpx rdseed adx smap clflushopt intel_pt xsaveopt xsavec xgetbv1 xsaves dtherm ida arat pln pts hwp hwp_notify hwp_act_window hwp_epp md_clear flush_l1d
bugs		: cpu_meltdown spectre_v1 spectre_v2 spec_store_bypass l1tf mds swapgs taa itlb_multihit
bogomips	: 7200.00
clflush size	: 64
cache_alignment	: 64
address sizes	: 39 bits physical, 48 bits virtual
power management:

processor	: 1
vendor_id	: GenuineIntel
cpu family	: 6
model		: 158
model name	: Intel(R) Core(TM) i7-7700 CPU @ 3.60GHz
stepping	: 9
microcode	: 0xca
cpu MHz		: 4169.874
cache size	: 8192 KB
physical id	: 0
siblings	: 8
core id		: 1
cpu cores	: 4
apicid		: 2
initial apicid	: 2
fpu		: yes
fpu_exception	: yes
cpuid level	: 22
wp		: yes
flags		: fpu vme de pse tsc msr pae mce cx8 apic sep mtrr pge mca cmov pat pse36 clflush dts acpi mmx fxsr sse sse2 ss ht tm pbe syscall nx pdpe1gb rdtscp lm constant_tsc art arch_perfmon pebs bts rep_good nopl xtopology nonstop_tsc cpuid aperfmperf tsc_known_freq pni pclmulqdq dtes64 monitor ds_cpl vmx smx est tm2 ssse3 sdbg fma cx16 xtpr pdcm pcid sse4_1 sse4_2 x2apic movbe popcnt tsc_deadline_timer aes xsave avx f16c rdrand lahf_lm abm 3dnowprefetch cpuid_fault invpcid_single pti ssbd ibrs ibpb stibp tpr_shadow vnmi flexpriority ept vpid fsgsbase tsc_adjust bmi1 hle avx2 smep bmi2 erms invpcid rtm mpx rdseed adx smap clflushopt intel_pt xsaveopt xsavec xgetbv1 xsaves dtherm ida arat pln pts hwp hwp_notify hwp_act_window hwp_epp md_clear flush_l1d
bugs		: cpu_meltdown spectre_v1 spectre_v2 spec_store_bypass l1tf mds swapgs taa itlb_multihit
bogomips	: 7200.00
clflush size	: 64
cache_alignment	: 64
address sizes	: 39 bits physical, 48 bits virtual
power management:

processor	: 2
vendor_id	: GenuineIntel
cpu family	: 6
model		: 158
model name	: Intel(R) Core(TM) i7-7700 CPU @ 3.60GHz
stepping	: 9
microcode	: 0xca
cpu MHz		: 4103.006
cache size	: 8192 KB
physical id	: 0
siblings	: 8
core id		: 2
cpu cores	: 4
apicid		: 4
initial apicid	: 4
fpu		: yes
fpu_exception	: yes
cpuid level	: 22
wp		: yes
flags		: fpu vme de pse tsc msr pae mce cx8 apic sep mtrr pge mca cmov pat pse36 clflush dts acpi mmx fxsr sse sse2 ss ht tm pbe syscall nx pdpe1gb rdtscp lm constant_tsc art arch_perfmon pebs bts rep_good nopl xtopology nonstop_tsc cpuid aperfmperf tsc_known_freq pni pclmulqdq dtes64 monitor ds_cpl vmx smx est tm2 ssse3 sdbg fma cx16 xtpr pdcm pcid sse4_1 sse4_2 x2apic movbe popcnt tsc_deadline_timer aes xsave avx f16c rdrand lahf_lm abm 3dnowprefetch cpuid_fault invpcid_single pti ssbd ibrs ibpb stibp tpr_shadow vnmi flexpriority ept vpid fsgsbase tsc_adjust bmi1 hle avx2 smep bmi2 erms invpcid rtm mpx rdseed adx smap clflushopt intel_pt xsaveopt xsavec xgetbv1 xsaves dtherm ida arat pln pts hwp hwp_notify hwp_act_window hwp_epp md_clear flush_l1d
bugs		: cpu_meltdown spectre_v1 spectre_v2 spec_store_bypass l1tf mds swapgs taa itlb_multihit
bogomips	: 7200.00
clflush size	: 64
cache_alignment	: 64
address sizes	: 39 bits physical, 48 bits virtual
power management:

processor	: 3
vendor_id	: GenuineIntel
cpu family	: 6
model		: 158
model name	: Intel(R) Core(TM) i7-7700 CPU @ 3.60GHz
stepping	: 9
microcode	: 0xca
cpu MHz		: 4166.777
cache size	: 8192 KB
physical id	: 0
siblings	: 8
core id		: 3
cpu cores	: 4
apicid		: 6
initial apicid	: 6
fpu		: yes
fpu_exception	: yes
cpuid level	: 22
wp		: yes
flags		: fpu vme de pse tsc msr pae mce cx8 apic sep mtrr pge mca cmov pat pse36 clflush dts acpi mmx fxsr sse sse2 ss ht tm pbe syscall nx pdpe1gb rdtscp lm constant_tsc art arch_perfmon pebs bts rep_good nopl xtopology nonstop_tsc cpuid aperfmperf tsc_known_freq pni pclmulqdq dtes64 monitor ds_cpl vmx smx est tm2 ssse3 sdbg fma cx16 xtpr pdcm pcid sse4_1 sse4_2 x2apic movbe popcnt tsc_deadline_timer aes xsave avx f16c rdrand lahf_lm abm 3dnowprefetch cpuid_fault invpcid_single pti ssbd ibrs ibpb stibp tpr_shadow vnmi flexpriority ept vpid fsgsbase tsc_adjust bmi1 hle avx2 smep bmi2 erms invpcid rtm mpx rdseed adx smap clflushopt intel_pt xsaveopt xsavec xgetbv1 xsaves dtherm ida arat pln pts hwp hwp_notify hwp_act_window hwp_epp md_clear flush_l1d
bugs		: cpu_meltdown spectre_v1 spectre_v2 spec_store_bypass l1tf mds swapgs taa itlb_multihit
bogomips	: 7200.00
clflush size	: 64
cache_alignment	: 64
address sizes	: 39 bits physical, 48 bits virtual
power management:

processor	: 4
vendor_id	: GenuineIntel
cpu family	: 6
model		: 158
model name	: Intel(R) Core(TM) i7-7700 CPU @ 3.60GHz
stepping	: 9
microcode	: 0xca
cpu MHz		: 4167.347
cache size	: 8192 KB
physical id	: 0
siblings	: 8
core id		: 0
cpu cores	: 4
apicid		: 1
initial apicid	: 1
fpu		: yes
fpu_exception	: yes
cpuid level	: 22
wp		: yes
flags		: fpu vme de pse tsc msr pae mce cx8 apic sep mtrr pge mca cmov pat pse36 clflush dts acpi mmx fxsr sse sse2 ss ht tm pbe syscall nx pdpe1gb rdtscp lm constant_tsc art arch_perfmon pebs bts rep_good nopl xtopology nonstop_tsc cpuid aperfmperf tsc_known_freq pni pclmulqdq dtes64 monitor ds_cpl vmx smx est tm2 ssse3 sdbg fma cx16 xtpr pdcm pcid sse4_1 sse4_2 x2apic movbe popcnt tsc_deadline_timer aes xsave avx f16c rdrand lahf_lm abm 3dnowprefetch cpuid_fault invpcid_single pti ssbd ibrs ibpb stibp tpr_shadow vnmi flexpriority ept vpid fsgsbase tsc_adjust bmi1 hle avx2 smep bmi2 erms invpcid rtm mpx rdseed adx smap clflushopt intel_pt xsaveopt xsavec xgetbv1 xsaves dtherm ida arat pln pts hwp hwp_notify hwp_act_window hwp_epp md_clear flush_l1d
bugs		: cpu_meltdown spectre_v1 spectre_v2 spec_store_bypass l1tf mds swapgs taa itlb_multihit
bogomips	: 7200.00
clflush size	: 64
cache_alignment	: 64
address sizes	: 39 bits physical, 48 bits virtual
power management:

processor	: 5
vendor_id	: GenuineIntel
cpu family	: 6
model		: 158
model name	: Intel(R) Core(TM) i7-7700 CPU @ 3.60GHz
stepping	: 9
microcode	: 0xca
cpu MHz		: 4102.024
cache size	: 8192 KB
physical id	: 0
siblings	: 8
core id		: 1
cpu cores	: 4
apicid		: 3
initial apicid	: 3
fpu		: yes
fpu_exception	: yes
cpuid level	: 22
wp		: yes
flags		: fpu vme de pse tsc msr pae mce cx8 apic sep mtrr pge mca cmov pat pse36 clflush dts acpi mmx fxsr sse sse2 ss ht tm pbe syscall nx pdpe1gb rdtscp lm constant_tsc art arch_perfmon pebs bts rep_good nopl xtopology nonstop_tsc cpuid aperfmperf tsc_known_freq pni pclmulqdq dtes64 monitor ds_cpl vmx smx est tm2 ssse3 sdbg fma cx16 xtpr pdcm pcid sse4_1 sse4_2 x2apic movbe popcnt tsc_deadline_timer aes xsave avx f16c rdrand lahf_lm abm 3dnowprefetch cpuid_fault invpcid_single pti ssbd ibrs ibpb stibp tpr_shadow vnmi flexpriority ept vpid fsgsbase tsc_adjust bmi1 hle avx2 smep bmi2 erms invpcid rtm mpx rdseed adx smap clflushopt intel_pt xsaveopt xsavec xgetbv1 xsaves dtherm ida arat pln pts hwp hwp_notify hwp_act_window hwp_epp md_clear flush_l1d
bugs		: cpu_meltdown spectre_v1 spectre_v2 spec_store_bypass l1tf mds swapgs taa itlb_multihit
bogomips	: 7200.00
clflush size	: 64
cache_alignment	: 64
address sizes	: 39 bits physical, 48 bits virtual
power management:

processor	: 6
vendor_id	: GenuineIntel
cpu family	: 6
model		: 158
model name	: Intel(R) Core(TM) i7-7700 CPU @ 3.60GHz
stepping	: 9
microcode	: 0xca
cpu MHz		: 4171.612
cache size	: 8192 KB
physical id	: 0
siblings	: 8
core id		: 2
cpu cores	: 4
apicid		: 5
initial apicid	: 5
fpu		: yes
fpu_exception	: yes
cpuid level	: 22
wp		: yes
flags		: fpu vme de pse tsc msr pae mce cx8 apic sep mtrr pge mca cmov pat pse36 clflush dts acpi mmx fxsr sse sse2 ss ht tm pbe syscall nx pdpe1gb rdtscp lm constant_tsc art arch_perfmon pebs bts rep_good nopl xtopology nonstop_tsc cpuid aperfmperf tsc_known_freq pni pclmulqdq dtes64 monitor ds_cpl vmx smx est tm2 ssse3 sdbg fma cx16 xtpr pdcm pcid sse4_1 sse4_2 x2apic movbe popcnt tsc_deadline_timer aes xsave avx f16c rdrand lahf_lm abm 3dnowprefetch cpuid_fault invpcid_single pti ssbd ibrs ibpb stibp tpr_shadow vnmi flexpriority ept vpid fsgsbase tsc_adjust bmi1 hle avx2 smep bmi2 erms invpcid rtm mpx rdseed adx smap clflushopt intel_pt xsaveopt xsavec xgetbv1 xsaves dtherm ida arat pln pts hwp hwp_notify hwp_act_window hwp_epp md_clear flush_l1d
bugs		: cpu_meltdown spectre_v1 spectre_v2 spec_store_bypass l1tf mds swapgs taa itlb_multihit
bogomips	: 7200.00
clflush size	: 64
cache_alignment	: 64
address sizes	: 39 bits physical, 48 bits virtual
power management:

processor	: 7
vendor_id	: GenuineIntel
cpu family	: 6
model		: 158
model name	: Intel(R) Core(TM) i7-7700 CPU @ 3.60GHz
stepping	: 9
microcode	: 0xca
cpu MHz		: 4181.828
cache size	: 8192 KB
physical id	: 0
siblings	: 8
core id		: 3
cpu cores	: 4
apicid		: 7
initial apicid	: 7
fpu		: yes
fpu_exception	: yes
cpuid level	: 22
wp		: yes
flags		: fpu vme de pse tsc msr pae mce cx8 apic sep mtrr pge mca cmov pat pse36 clflush dts acpi mmx fxsr sse sse2 ss ht tm pbe syscall nx pdpe1gb rdtscp lm constant_tsc art arch_perfmon pebs bts rep_good nopl xtopology nonstop_tsc cpuid aperfmperf tsc_known_freq pni pclmulqdq dtes64 monitor ds_cpl vmx smx est tm2 ssse3 sdbg fma cx16 xtpr pdcm pcid sse4_1 sse4_2 x2apic movbe popcnt tsc_deadline_timer aes xsave avx f16c rdrand lahf_lm abm 3dnowprefetch cpuid_fault invpcid_single pti ssbd ibrs ibpb stibp tpr_shadow vnmi flexpriority ept vpid fsgsbase tsc_adjust bmi1 hle avx2 smep bmi2 erms invpcid rtm mpx rdseed adx smap clflushopt intel_pt xsaveopt xsavec xgetbv1 xsaves dtherm ida arat pln pts hwp hwp_notify hwp_act_window hwp_epp md_clear flush_l1d
bugs		: cpu_meltdown spectre_v1 spectre_v2 spec_store_bypass l1tf mds swapgs taa itlb_multihit
bogomips	: 7200.00
clflush size	: 64
cache_alignment	: 64
address sizes	: 39 bits physical, 48 bits virtual
power management:



Memory: 4k page, physical 32897920k(257612k free), swap 2097148k(2092028k free)

vm_info: OpenJDK 64-Bit Server VM (25.232-b09) for linux-amd64 JRE (1.8.0_232-8u232-b09-0ubuntu1~18.04.1-b09), built on Oct 16 2019 20:38:15 by "buildd" with gcc 7.4.0

time: Tue Jan 28 18:23:53 2020
timezone: CET
elapsed time: 7030 seconds (0d 1h 57m 10s)

